commit e84bef62244d95d1e7c0ca8fb6c042a7b6d2429a
Author: voidiker66 <asi327@utexas.edu>
Date:   Thu Jun 21 15:13:27 2018 -0700

    unit tests and autopep8

commit 730faa2029f39f212f649b44603fae012a410f5c
Author: voidiker66 <asi327@utexas.edu>
Date:   Thu Jun 21 14:34:49 2018 -0700

    code formatting

commit 8b74168b4a5c356cca963bd76a8782afbb99b2b1
Author: voidiker66 <asi327@utexas.edu>
Date:   Wed Jun 20 14:49:35 2018 -0700

    remove script

commit a03cac31650fbb687e6083bed15bb46fc5a3e235
Author: voidiker66 <asi327@utexas.edu>
Date:   Wed Jun 20 14:48:14 2018 -0700

    comments

commit 2ee44bfa67f19a631fe90d8e3335ceab57a322d2
Author: voidiker66 <asi327@utexas.edu>
Date:   Wed Jun 20 14:32:53 2018 -0700

    hackerrank passing

commit 0a5503cc241db612cb0a6e0a443cc4047790938e
Author: voidiker66 <asi327@utexas.edu>
Date:   Wed Jun 20 09:39:45 2018 -0700

    initial commit

commit 50256b8c02ffee481a6781585b028ced57d8ba95
Author: AustinIkerd <asi327@utexas.edu>
Date:   Wed Jun 20 09:38:04 2018 -0700

    Initial commit
