29323 460708 449
732335 714332 411
981036 351252 525
709512 202343 509
282007 148226 443
625454 523095 452
820608 83741 509
245268 742949 509
361581 459316 449
665583 978422 525
579158 912949 525
54310 533814 470
469678 788696 509
124625 472825 449
27535 184722 383
419177 886544 525
863666 70499 525
515465 322353 470
124363 241054 443
655482 95705 509
960921 15993 525
999986 964072 458
177508 993435 525
975471 315535 525
270558 979540 525
952783 485021 525
108604 462671 449
254015 845974 525
894186 693051 525
536914 381731 470
709465 274710 509
628055 983198 525
116783 616256 470
80186 117236 354
633222 714961 504
777297 824756 468
361659 306090 441
920262 730476 525
81830 155600 375
309805 394134 441
928621 50409 525
924139 373440 525
585938 979315 525
323923 741188 509
913018 363630 525
776753 559454 509
209839 702239 509
186486 929059 525
240224 741939 509
17288 630937 509
476167 381381 449
630861 144340 509
929114 121687 525
85216 360568 443
88022 161924 383
68862 348636 443
497720 997958 525
913440 702602 525
282021 947738 525
846911 669293 525
40492 171976 383
749487 715717 424
176349 765686 509
795991 955680 525
705579 203258 509
511078 41293 449
471958 232090 449
156995 186272 370
309296 559786 470
769338 927678 525
748936 190438 509
106796 53963 354
726291 228506 509
782621 877171 525
311981 805300 509
531883 663324 509
506373 897751 525
241743 721821 509
720262 814600 468
578638 889073 525
794361 726289 468
324893 364606 441
218925 73707 386
908038 600385 525
326995 527822 470
893538 997391 507
861248 29741 525
447777 190926 449
224888 173134 386
469749 447342 444
489425 2870 449
889338 308683 525
996362 715737 525
958919 562909 525
952059 995694 458
345402 630337 509
254202 688966 509
622362 13302 470
85777 794179 509
65282 994897 525
717685 45567 509
655697 896240 525
482513 829976 509
140572 313377 443
65205 37299 340
121619 316095 443
172137 891409 525
803919 185377 509
978206 155357 525
906050 334573 525
253809 70626 443
185219 955892 525
244412 930213 525
337925 804159 509
797465 206496 509
809150 57840 509
528938 505617 470
449432 635894 509
520302 957782 525
611521 19951 470
748571 491663 509
201895 573804 470
726938 479717 509
720338 182124 509
220854 996339 525
136637 973877 525
796117 961578 525
919434 590127 525
85554 997869 525
793187 47426 509
35822 83604 351
102994 837655 509
801666 728010 468
512719 49013 470
857920 278790 525
577451 521865 452
46554 57217 340
830181 631899 504
396629 112851 443
740109 792291 468
704546 653168 442
740694 376349 509
494942 470470 426
70252 679249 509
289113 412235 449
629332 945943 525
656901 37310 509
959016 556401 525
433321 829003 509
747092 237440 509
856372 476971 525
721485 393537 509
283303 620666 470
9625 419394 449
48994 643521 509
554456 278496 470
997854 320699 525
509322 266302 449
943059 364695 525
321965 900204 525
221477 457925 449
470098 320775 449
317501 721930 509
542837 124141 470
109108 554670 470
741149 606416 509
569807 553373 421
701752 314565 509
241621 800572 509
170124 482051 449
194020 775949 509
869989 277883 525
84214 680715 509
347236 694117 509
918693 813840 525
49865 661576 509
732400 399896 509
154851 210812 383
260247 203881 443
897757 228158 525
